Launching client 0
-- Connecting to replica 0 at /127.0.0.1:11000
-- Channel active
-- Connecting to replica 1 at /127.0.0.1:11010
-- Channel active
-- Connecting to replica 2 at /127.0.0.1:11020
-- Channel active
-- Connecting to replica 3 at /127.0.0.1:11030
-- Channel active
Launching client 1
-- Connecting to replica 0 at /127.0.0.1:11000
-- Channel active
-- Connecting to replica 1 at /127.0.0.1:11010
-- Channel active
-- Connecting to replica 2 at /127.0.0.1:11020
-- Channel active
-- Connecting to replica 3 at /127.0.0.1:11030
-- Channel active
Launching client 2
-- Connecting to replica 0 at /127.0.0.1:11000
-- Channel active
-- Connecting to replica 1 at /127.0.0.1:11010
-- Channel active
-- Connecting to replica 2 at /127.0.0.1:11020
-- Channel active
-- Connecting to replica 3 at /127.0.0.1:11030
-- Channel active
Launching client 3
-- Connecting to replica 0 at /127.0.0.1:11000
-- Channel active
-- Connecting to replica 1 at /127.0.0.1:11010
-- Channel active
-- Connecting to replica 2 at /127.0.0.1:11020
-- Channel active
-- Connecting to replica 3 at /127.0.0.1:11030
-- Channel active
Warm up...
Warm up...
Warm up...
client id: 0 --target: [0] --sequence: 0
client id: 1 --target: [1] --sequence: 0
Warm up...
client id: 3 --target: [3] --sequence: 0
client id: 2 --target: [2] --sequence: 0
client id: 1 --received reply from: 1 for 0
client id: 0 --received reply from: 0 for 0
client id: 1 --target: [1] --sequence: 1
client id: 2 --received reply from: 2 for 0
client id: 0 --target: [0] --sequence: 1
client id: 2 --target: [2] --sequence: 1
client id: 3 --received reply from: 3 for 0
client id: 3 --target: [3] --sequence: 1
client id: 0 --received reply from: 0 for 1
client id: 1 --received reply from: 1 for 1
client id: 0 --target: [0] --sequence: 2
client id: 1 --target: [1] --sequence: 2
client id: 2 --received reply from: 2 for 1
client id: 3 --received reply from: 3 for 1
client id: 2 --target: [2] --sequence: 2
client id: 3 --target: [3] --sequence: 2
client id: 1 --received reply from: 1 for 2
client id: 2 --received reply from: 2 for 2
client id: 1 --target: [1] --sequence: 3
client id: 2 --target: [2] --sequence: 3
client id: 3 --received reply from: 3 for 2
client id: 0 --received reply from: 0 for 2
client id: 3 --target: [3] --sequence: 3
client id: 0 --target: [0] --sequence: 3
client id: 0 --received reply from: 0 for 3
client id: 0 --target: [0] --sequence: 4
client id: 1 --received reply from: 1 for 3
client id: 2 --received reply from: 2 for 3
client id: 1 --target: [1] --sequence: 4
client id: 3 --received reply from: 3 for 3
client id: 2 --target: [2] --sequence: 4
client id: 3 --target: [3] --sequence: 4
client id: 0 --received reply from: 0 for 4
client id: 3 --received reply from: 3 for 4
client id: 1 --received reply from: 1 for 4
client id: 0 --target: [0] --sequence: 5
client id: 3 --target: [3] --sequence: 5
client id: 1 --target: [1] --sequence: 5
client id: 2 --received reply from: 2 for 4
client id: 2 --target: [2] --sequence: 5
client id: 0 --received reply from: 0 for 5
client id: 1 --received reply from: 1 for 5
client id: 0 --target: [0] --sequence: 6
client id: 2 --received reply from: 2 for 5
client id: 1 --target: [1] --sequence: 6
client id: 3 --received reply from: 3 for 5
client id: 2 --target: [2] --sequence: 6
client id: 3 --target: [3] --sequence: 6
client id: 0 --received reply from: 0 for 6
client id: 2 --received reply from: 2 for 6
client id: 1 --received reply from: 1 for 6
client id: 3 --received reply from: 3 for 6
client id: 0 --target: [0] --sequence: 7
client id: 2 --target: [2] --sequence: 7
client id: 1 --target: [1] --sequence: 7
client id: 3 --target: [3] --sequence: 7
client id: 1 --received reply from: 1 for 7
client id: 0 --received reply from: 0 for 7
client id: 2 --received reply from: 2 for 7
client id: 0 --target: [0] --sequence: 8
client id: 2 --target: [2] --sequence: 8
client id: 1 --target: [1] --sequence: 8
client id: 3 --received reply from: 3 for 7
client id: 3 --target: [3] --sequence: 8
client id: 0 --received reply from: 0 for 8
client id: 1 --received reply from: 1 for 8
client id: 2 --received reply from: 2 for 8
client id: 0 --target: [0] --sequence: 9
client id: 3 --received reply from: 3 for 8
client id: 1 --target: [1] --sequence: 9
client id: 2 --target: [2] --sequence: 9
client id: 3 --target: [3] --sequence: 9
client id: 1 --received reply from: 1 for 9
client id: 2 --received reply from: 2 for 9
client id: 0 --received reply from: 0 for 9
client id: 3 --received reply from: 3 for 9
client id: 2 --target: [2] --sequence: 10
client id: 0 --target: [0] --sequence: 10
client id: 1 --target: [1] --sequence: 10
client id: 3 --target: [3] --sequence: 10
client id: 1 --received reply from: 1 for 10
client id: 0 --received reply from: 0 for 10
client id: 3 --received reply from: 3 for 10
client id: 2 --received reply from: 2 for 10
client id: 0 --target: [0] --sequence: 11
client id: 1 --target: [1] --sequence: 11
client id: 3 --target: [3] --sequence: 11
client id: 2 --target: [2] --sequence: 11
client id: 0 --received reply from: 0 for 11
client id: 2 --received reply from: 2 for 11
client id: 3 --received reply from: 3 for 11
client id: 1 --received reply from: 1 for 11
client id: 0 --target: [0] --sequence: 12
client id: 2 --target: [2] --sequence: 12
client id: 3 --target: [3] --sequence: 12
client id: 1 --target: [1] --sequence: 12
client id: 2 --received reply from: 2 for 12
client id: 1 --received reply from: 1 for 12
client id: 0 --received reply from: 0 for 12
client id: 3 --received reply from: 3 for 12
client id: 2 --target: [2] --sequence: 13
client id: 0 --target: [0] --sequence: 13
client id: 1 --target: [1] --sequence: 13
client id: 3 --target: [3] --sequence: 13
client id: 1 --received reply from: 1 for 13
client id: 2 --received reply from: 2 for 13
client id: 3 --received reply from: 3 for 13
client id: 1 --target: [1] --sequence: 14
client id: 2 --target: [2] --sequence: 14
client id: 3 --target: [3] --sequence: 14
client id: 0 --received reply from: 0 for 13
client id: 0 --target: [0] --sequence: 14
client id: 0 --received reply from: 0 for 14
client id: 1 --received reply from: 1 for 14
client id: 2 --received reply from: 2 for 14
client id: 3 --received reply from: 3 for 14
client id: 0 --target: [0] --sequence: 15
client id: 2 --target: [2] --sequence: 15
client id: 3 --target: [3] --sequence: 15
client id: 1 --target: [1] --sequence: 15
client id: 1 --received reply from: 1 for 15
client id: 3 --received reply from: 3 for 15
client id: 2 --received reply from: 2 for 15
client id: 1 --target: [1] --sequence: 16
client id: 3 --target: [3] --sequence: 16
client id: 2 --target: [2] --sequence: 16
client id: 0 --received reply from: 0 for 15
client id: 0 --target: [0] --sequence: 16
client id: 0 --received reply from: 0 for 16
client id: 2 --received reply from: 2 for 16
client id: 3 --received reply from: 3 for 16
client id: 1 --received reply from: 1 for 16
client id: 3 --target: [3] --sequence: 17
client id: 2 --target: [2] --sequence: 17
client id: 0 --target: [0] --sequence: 17
client id: 1 --target: [1] --sequence: 17
client id: 0 --received reply from: 0 for 17
client id: 2 --received reply from: 2 for 17
client id: 3 --received reply from: 3 for 17
client id: 1 --received reply from: 1 for 17
client id: 0 --target: [0] --sequence: 18
client id: 2 --target: [2] --sequence: 18
client id: 1 --target: [1] --sequence: 18
client id: 3 --target: [3] --sequence: 18
client id: 1 --received reply from: 1 for 18
client id: 0 --received reply from: 0 for 18
client id: 3 --received reply from: 3 for 18
client id: 2 --received reply from: 2 for 18
client id: 1 --target: [1] --sequence: 19
client id: 0 --target: [0] --sequence: 19
client id: 3 --target: [3] --sequence: 19
client id: 2 --target: [2] --sequence: 19
client id: 0 --received reply from: 0 for 19
client id: 1 --received reply from: 1 for 19
client id: 2 --received reply from: 2 for 19
client id: 3 --received reply from: 3 for 19
client id: 1 --target: [1] --sequence: 20
client id: 0 --target: [0] --sequence: 20
client id: 2 --target: [2] --sequence: 20
client id: 3 --target: [3] --sequence: 20
client id: 1 --received reply from: 1 for 20
client id: 2 --received reply from: 2 for 20
client id: 3 --received reply from: 3 for 20
client id: 0 --received reply from: 0 for 20
client id: 2 --target: [2] --sequence: 21
client id: 1 --target: [1] --sequence: 21
client id: 3 --target: [3] --sequence: 21
client id: 0 --target: [0] --sequence: 21
client id: 0 --received reply from: 0 for 21
client id: 3 --received reply from: 3 for 21
client id: 1 --received reply from: 1 for 21
client id: 2 --received reply from: 2 for 21
client id: 0 --target: [0] --sequence: 22
client id: 3 --target: [3] --sequence: 22
client id: 2 --target: [2] --sequence: 22
client id: 1 --target: [1] --sequence: 22
client id: 2 --received reply from: 2 for 22
client id: 0 --received reply from: 0 for 22
client id: 3 --received reply from: 3 for 22
client id: 2 --target: [2] --sequence: 23
client id: 3 --target: [3] --sequence: 23
client id: 0 --target: [0] --sequence: 23
client id: 1 --received reply from: 1 for 22
client id: 1 --target: [1] --sequence: 23
client id: 0 --received reply from: 0 for 23
client id: 2 --received reply from: 2 for 23
client id: 1 --received reply from: 1 for 23
client id: 3 --received reply from: 3 for 23
client id: 2 --target: [2] --sequence: 24
client id: 1 --target: [1] --sequence: 24
client id: 0 --target: [0] --sequence: 24
client id: 3 --target: [3] --sequence: 24
client id: 0 --received reply from: 0 for 24
client id: 3 --received reply from: 3 for 24
client id: 1 --received reply from: 1 for 24
client id: 2 --received reply from: 2 for 24
client id: 0 --target: [0] --sequence: 25
client id: 3 --target: [3] --sequence: 25
client id: 1 --target: [1] --sequence: 25
client id: 2 --target: [2] --sequence: 25
client id: 0 --received reply from: 0 for 25
client id: 3 --received reply from: 3 for 25
client id: 2 --received reply from: 2 for 25
client id: 1 --received reply from: 1 for 25
client id: 0 --target: [0] --sequence: 26
client id: 3 --target: [3] --sequence: 26
client id: 2 --target: [2] --sequence: 26
client id: 1 --target: [1] --sequence: 26
client id: 0 --received reply from: 0 for 26
client id: 1 --received reply from: 1 for 26
client id: 3 --received reply from: 3 for 26
client id: 0 --target: [0] --sequence: 27
client id: 1 --target: [1] --sequence: 27
client id: 3 --target: [3] --sequence: 27
client id: 2 --received reply from: 2 for 26
client id: 2 --target: [2] --sequence: 27
client id: 0 --received reply from: 0 for 27
client id: 1 --received reply from: 1 for 27
client id: 2 --received reply from: 2 for 27
client id: 3 --received reply from: 3 for 27
client id: 0 --target: [0] --sequence: 28
client id: 1 --target: [1] --sequence: 28
client id: 2 --target: [2] --sequence: 28
client id: 3 --target: [3] --sequence: 28
client id: 0 --received reply from: 0 for 28
client id: 1 --received reply from: 1 for 28
client id: 3 --received reply from: 3 for 28
client id: 2 --received reply from: 2 for 28
client id: 0 --target: [0] --sequence: 29
client id: 1 --target: [1] --sequence: 29
client id: 3 --target: [3] --sequence: 29
client id: 2 --target: [2] --sequence: 29
client id: 0 --received reply from: 0 for 29
client id: 2 --received reply from: 2 for 29
client id: 1 --received reply from: 1 for 29
client id: 3 --received reply from: 3 for 29
client id: 0 --target: [0] --sequence: 30
client id: 2 --target: [2] --sequence: 30
client id: 1 --target: [1] --sequence: 30
client id: 3 --target: [3] --sequence: 30
client id: 0 --received reply from: 0 for 30
client id: 3 --received reply from: 3 for 30
client id: 2 --received reply from: 2 for 30
client id: 1 --received reply from: 1 for 30
client id: 0 --target: [0] --sequence: 31
client id: 3 --target: [3] --sequence: 31
client id: 2 --target: [2] --sequence: 31
client id: 1 --target: [1] --sequence: 31
client id: 0 --received reply from: 0 for 31
client id: 1 --received reply from: 1 for 31
client id: 2 --received reply from: 2 for 31
client id: 3 --received reply from: 3 for 31
client id: 1 --target: [1] --sequence: 32
client id: 0 --target: [0] --sequence: 32
client id: 3 --target: [3] --sequence: 32
client id: 2 --target: [2] --sequence: 32
client id: 1 --received reply from: 1 for 32
client id: 0 --received reply from: 0 for 32
client id: 2 --received reply from: 2 for 32
client id: 3 --received reply from: 3 for 32
client id: 1 --target: [1] --sequence: 33
client id: 2 --target: [2] --sequence: 33
client id: 0 --target: [0] --sequence: 33
client id: 3 --target: [3] --sequence: 33
client id: 0 --received reply from: 0 for 33
client id: 3 --received reply from: 3 for 33
client id: 1 --received reply from: 1 for 33
client id: 2 --received reply from: 2 for 33
client id: 0 --target: [0] --sequence: 34
client id: 3 --target: [3] --sequence: 34
client id: 1 --target: [1] --sequence: 34
client id: 2 --target: [2] --sequence: 34
client id: 0 --received reply from: 0 for 34
client id: 2 --received reply from: 2 for 34
client id: 3 --received reply from: 3 for 34
client id: 1 --received reply from: 1 for 34
client id: 0 --target: [0] --sequence: 35
client id: 3 --target: [3] --sequence: 35
client id: 2 --target: [2] --sequence: 35
client id: 1 --target: [1] --sequence: 35
client id: 0 --received reply from: 0 for 35
client id: 3 --received reply from: 3 for 35
client id: 1 --received reply from: 1 for 35
client id: 2 --received reply from: 2 for 35
client id: 0 --target: [0] --sequence: 36
client id: 3 --target: [3] --sequence: 36
client id: 1 --target: [1] --sequence: 36
client id: 2 --target: [2] --sequence: 36
client id: 2 --received reply from: 2 for 36
client id: 0 --received reply from: 0 for 36
client id: 1 --received reply from: 1 for 36
client id: 3 --received reply from: 3 for 36
client id: 2 --target: [2] --sequence: 37
client id: 0 --target: [0] --sequence: 37
client id: 3 --target: [3] --sequence: 37
client id: 1 --target: [1] --sequence: 37
client id: 0 --received reply from: 0 for 37
client id: 1 --received reply from: 1 for 37
client id: 0 --target: [0] --sequence: 38
client id: 2 --received reply from: 2 for 37
client id: 1 --target: [1] --sequence: 38
client id: 2 --target: [2] --sequence: 38
client id: 3 --received reply from: 3 for 37
client id: 3 --target: [3] --sequence: 38
client id: 1 --received reply from: 1 for 38
client id: 0 --received reply from: 0 for 38
client id: 2 --received reply from: 2 for 38
client id: 3 --received reply from: 3 for 38
client id: 1 --target: [1] --sequence: 39
client id: 0 --target: [0] --sequence: 39
client id: 2 --target: [2] --sequence: 39
client id: 3 --target: [3] --sequence: 39
client id: 0 --received reply from: 0 for 39
client id: 2 --received reply from: 2 for 39
client id: 1 --received reply from: 1 for 39
client id: 3 --received reply from: 3 for 39
client id: 0 --target: [0] --sequence: 40
client id: 2 --target: [2] --sequence: 40
client id: 1 --target: [1] --sequence: 40
client id: 3 --target: [3] --sequence: 40
client id: 0 --received reply from: 0 for 40
client id: 3 --received reply from: 3 for 40
client id: 1 --received reply from: 1 for 40
client id: 2 --received reply from: 2 for 40
client id: 0 --target: [0] --sequence: 41
client id: 3 --target: [3] --sequence: 41
client id: 1 --target: [1] --sequence: 41
client id: 2 --target: [2] --sequence: 41
client id: 2 --received reply from: 2 for 41
client id: 1 --received reply from: 1 for 41
client id: 2 --target: [2] --sequence: 42
client id: 3 --received reply from: 3 for 41
client id: 1 --target: [1] --sequence: 42
client id: 0 --received reply from: 0 for 41
client id: 3 --target: [3] --sequence: 42
client id: 0 --target: [0] --sequence: 42
client id: 1 --received reply from: 1 for 42
client id: 2 --received reply from: 2 for 42
client id: 3 --received reply from: 3 for 42
client id: 1 --target: [1] --sequence: 43
client id: 2 --target: [2] --sequence: 43
client id: 3 --target: [3] --sequence: 43
client id: 0 --received reply from: 0 for 42
client id: 0 --target: [0] --sequence: 43
client id: 0 --received reply from: 0 for 43
client id: 2 --received reply from: 2 for 43
client id: 1 --received reply from: 1 for 43
client id: 3 --received reply from: 3 for 43
client id: 0 --target: [0] --sequence: 44
client id: 2 --target: [2] --sequence: 44
client id: 1 --target: [1] --sequence: 44
client id: 3 --target: [3] --sequence: 44
client id: 2 --received reply from: 2 for 44
client id: 0 --received reply from: 0 for 44
client id: 1 --received reply from: 1 for 44
client id: 2 --target: [2] --sequence: 45
client id: 3 --received reply from: 3 for 44
client id: 1 --target: [1] --sequence: 45
client id: 0 --target: [0] --sequence: 45
client id: 3 --target: [3] --sequence: 45
client id: 1 --received reply from: 1 for 45
client id: 0 --received reply from: 0 for 45
client id: 3 --received reply from: 3 for 45
client id: 2 --received reply from: 2 for 45
client id: 1 --target: [1] --sequence: 46
client id: 0 --target: [0] --sequence: 46
client id: 3 --target: [3] --sequence: 46
client id: 2 --target: [2] --sequence: 46
client id: 0 --received reply from: 0 for 46
client id: 1 --received reply from: 1 for 46
client id: 3 --received reply from: 3 for 46
client id: 0 --target: [0] --sequence: 47
client id: 3 --target: [3] --sequence: 47
client id: 1 --target: [1] --sequence: 47
client id: 2 --received reply from: 2 for 46
client id: 2 --target: [2] --sequence: 47
client id: 2 --received reply from: 2 for 47
client id: 1 --received reply from: 1 for 47
client id: 3 --received reply from: 3 for 47
client id: 0 --received reply from: 0 for 47
client id: 2 --target: [2] --sequence: 48
client id: 1 --target: [1] --sequence: 48
client id: 3 --target: [3] --sequence: 48
client id: 0 --target: [0] --sequence: 48
client id: 0 --received reply from: 0 for 48
client id: 3 --received reply from: 3 for 48
client id: 1 --received reply from: 1 for 48
client id: 2 --received reply from: 2 for 48
client id: 0 --target: [0] --sequence: 49
client id: 3 --target: [3] --sequence: 49
client id: 1 --target: [1] --sequence: 49
client id: 2 --target: [2] --sequence: 49
client id: 0 --received reply from: 0 for 49
client id: 2 --received reply from: 2 for 49
client id: 1 --received reply from: 1 for 49
client id: 3 --received reply from: 3 for 49
Executing experiment for 50 ops
Executing experiment for 50 ops
Executing experiment for 50 ops
client id: 2 --target: [2] --sequence: 50
Executing experiment for 50 ops
client id: 1 --target: [1] --sequence: 50
client id: 3 --target: [3] --sequence: 50
client id: 0 --target: [0] --sequence: 50
client id: 0 --received reply from: 0 for 50
client id: 3 --received reply from: 3 for 50
client id: 0 --target: [0] --sequence: 51
client id: 3 --target: [3] --sequence: 51
client id: 2 --received reply from: 2 for 50
client id: 2 --target: [2] --sequence: 51
client id: 1 --received reply from: 1 for 50
client id: 1 --target: [1] --sequence: 51
client id: 3 --received reply from: 3 for 51
client id: 1 --received reply from: 1 for 51
client id: 0 --received reply from: 0 for 51
client id: 2 --received reply from: 2 for 51
client id: 1 --target: [1] --sequence: 52
client id: 0 --target: [0] --sequence: 52
client id: 3 --target: [3] --sequence: 52
client id: 2 --target: [2] --sequence: 52
client id: 0 --received reply from: 0 for 52
client id: 1 --received reply from: 1 for 52
client id: 3 --received reply from: 3 for 52
client id: 2 --received reply from: 2 for 52
client id: 0 --target: [0] --sequence: 53
client id: 3 --target: [3] --sequence: 53
client id: 1 --target: [1] --sequence: 53
client id: 2 --target: [2] --sequence: 53
client id: 1 --received reply from: 1 for 53
client id: 0 --received reply from: 0 for 53
client id: 2 --received reply from: 2 for 53
client id: 3 --received reply from: 3 for 53
client id: 1 --target: [1] --sequence: 54
client id: 0 --target: [0] --sequence: 54
client id: 2 --target: [2] --sequence: 54
client id: 3 --target: [3] --sequence: 54
client id: 2 --received reply from: 2 for 54
client id: 1 --received reply from: 1 for 54
client id: 0 --received reply from: 0 for 54
client id: 2 --target: [2] --sequence: 55
client id: 3 --received reply from: 3 for 54
client id: 1 --target: [1] --sequence: 55
client id: 0 --target: [0] --sequence: 55
client id: 3 --target: [3] --sequence: 55
client id: 1 --received reply from: 1 for 55
client id: 0 --received reply from: 0 for 55
client id: 2 --received reply from: 2 for 55
client id: 3 --received reply from: 3 for 55
client id: 1 --target: [1] --sequence: 56
client id: 0 --target: [0] --sequence: 56
client id: 2 --target: [2] --sequence: 56
client id: 3 --target: [3] --sequence: 56
client id: 0 --received reply from: 0 for 56
client id: 3 --received reply from: 3 for 56
client id: 2 --received reply from: 2 for 56
client id: 1 --received reply from: 1 for 56
client id: 0 --target: [0] --sequence: 57
client id: 3 --target: [3] --sequence: 57
client id: 2 --target: [2] --sequence: 57
client id: 1 --target: [1] --sequence: 57
client id: 0 --received reply from: 0 for 57
client id: 3 --received reply from: 3 for 57
client id: 2 --received reply from: 2 for 57
client id: 1 --received reply from: 1 for 57
client id: 0 --target: [0] --sequence: 58
client id: 3 --target: [3] --sequence: 58
client id: 2 --target: [2] --sequence: 58
client id: 1 --target: [1] --sequence: 58
client id: 2 --received reply from: 2 for 58
client id: 0 --received reply from: 0 for 58
client id: 3 --received reply from: 3 for 58
client id: 1 --received reply from: 1 for 58
client id: 3 --target: [3] --sequence: 59
client id: 0 --target: [0] --sequence: 59
client id: 2 --target: [2] --sequence: 59
client id: 1 --target: [1] --sequence: 59
